  .   ____          _            __ _ _
 /\\ / ___'_ __ _ _(_)_ __  __ _ \ \ \ \
( ( )\___ | '_ | '_| | '_ \/ _` | \ \ \ \
 \\/  ___)| |_)| | | | | || (_| |  ) ) ) )
  '  |____| .__|_| |_|_| |_\__, | / / / /
 =========|_|==============|___/=/_/_/_/

 :: Spring Boot ::                (v3.4.2)

2025-04-13T09:10:56.555+03:00  INFO 1756 --- [producer] [           main] org.example.KafkaProducerApp             : Starting KafkaProducerApp using Java 17.0.7 with PID 1756 (reducted\\yandex-cloud2\producer\target\classes started by kubasov in reducted\)
2025-04-13T09:10:56.557+03:00  INFO 1756 --- [producer] [           main] org.example.KafkaProducerApp             : No active profile set, falling back to 1 default profile: "default"
2025-04-13T09:10:57.220+03:00  INFO 1756 --- [producer] [           main] org.example.KafkaProducerApp             : Started KafkaProducerApp in 1.072 seconds (process running for 1.406)
2025-04-13T09:10:57.326+03:00  INFO 1756 --- [producer] [           main] o.a.k.clients.producer.ProducerConfig    : ProducerConfig values: 
	acks = -1
	auto.include.jmx.reporter = true
	batch.size = 16384
	bootstrap.servers = [vm1.mdb.yandexcloud.net:9091]
	buffer.memory = 33554432
	client.dns.lookup = use_all_dns_ips
	client.id = producer-1
	compression.type = none
	connections.max.idle.ms = 540000
	delivery.timeout.ms = 120000
	enable.idempotence = true
	interceptor.classes = []
	key.serializer = class org.apache.kafka.common.serialization.StringSerializer
	linger.ms = 0
	max.block.ms = 60000
	max.in.flight.requests.per.connection = 5
	max.request.size = 1048576
	metadata.max.age.ms = 300000
	metadata.max.idle.ms = 300000
	metric.reporters = []
	metrics.num.samples = 2
	metrics.recording.level = INFO
	metrics.sample.window.ms = 30000
	partitioner.adaptive.partitioning.enable = true
	partitioner.availability.timeout.ms = 0
	partitioner.class = null
	partitioner.ignore.keys = false
	receive.buffer.bytes = 32768
	reconnect.backoff.max.ms = 1000
	reconnect.backoff.ms = 50
	request.timeout.ms = 30000
	retries = 2147483647
	retry.backoff.ms = 100
	sasl.client.callback.handler.class = null
	sasl.jaas.config = [hidden]
	sasl.kerberos.kinit.cmd = /usr/bin/kinit
	sasl.kerberos.min.time.before.relogin = 60000
	sasl.kerberos.service.name = null
	sasl.kerberos.ticket.renew.jitter = 0.05
	sasl.kerberos.ticket.renew.window.factor = 0.8
	sasl.login.callback.handler.class = null
	sasl.login.class = null
	sasl.login.connect.timeout.ms = null
	sasl.login.read.timeout.ms = null
	sasl.login.refresh.buffer.seconds = 300
	sasl.login.refresh.min.period.seconds = 60
	sasl.login.refresh.window.factor = 0.8
	sasl.login.refresh.window.jitter = 0.05
	sasl.login.retry.backoff.max.ms = 10000
	sasl.login.retry.backoff.ms = 100
	sasl.mechanism = PLAIN
	sasl.oauthbearer.clock.skew.seconds = 30
	sasl.oauthbearer.expected.audience = null
	sasl.oauthbearer.expected.issuer = null
	sasl.oauthbearer.jwks.endpoint.refresh.ms = 3600000
	sasl.oauthbearer.jwks.endpoint.retry.backoff.max.ms = 10000
	sasl.oauthbearer.jwks.endpoint.retry.backoff.ms = 100
	sasl.oauthbearer.jwks.endpoint.url = null
	sasl.oauthbearer.scope.claim.name = scope
	sasl.oauthbearer.sub.claim.name = sub
	sasl.oauthbearer.token.endpoint.url = null
	security.protocol = SASL_SSL
	security.providers = null
	send.buffer.bytes = 131072
	socket.connection.setup.timeout.max.ms = 30000
	socket.connection.setup.timeout.ms = 10000
	ssl.cipher.suites = null
	ssl.enabled.protocols = [TLSv1.2, TLSv1.3]
	ssl.endpoint.identification.algorithm = https
	ssl.engine.factory.class = null
	ssl.key.password = null
	ssl.keymanager.algorithm = SunX509
	ssl.keystore.certificate.chain = null
	ssl.keystore.key = null
	ssl.keystore.location = null
	ssl.keystore.password = null
	ssl.keystore.type = JKS
	ssl.protocol = TLSv1.3
	ssl.provider = null
	ssl.secure.random.implementation = null
	ssl.trustmanager.algorithm = PKIX
	ssl.truststore.certificates = null
	ssl.truststore.location = reducted\CA.jks
	ssl.truststore.password = [hidden]
	ssl.truststore.type = JKS
	transaction.timeout.ms = 60000
	transactional.id = null
	value.serializer = class io.confluent.kafka.serializers.json.KafkaJsonSchemaSerializer

2025-04-13T09:10:57.372+03:00  INFO 1756 --- [producer] [           main] .c.k.s.j.KafkaJsonSchemaSerializerConfig : KafkaJsonSchemaSerializerConfig values: 
	auto.register.schemas = true
	basic.auth.credentials.source = SASL_INHERIT
	basic.auth.user.info = [hidden]
	bearer.auth.cache.expiry.buffer.seconds = 300
	bearer.auth.client.id = null
	bearer.auth.client.secret = null
	bearer.auth.credentials.source = STATIC_TOKEN
	bearer.auth.custom.provider.class = null
	bearer.auth.identity.pool.id = null
	bearer.auth.issuer.endpoint.url = null
	bearer.auth.logical.cluster = null
	bearer.auth.scope = null
	bearer.auth.scope.claim.name = scope
	bearer.auth.sub.claim.name = sub
	bearer.auth.token = [hidden]
	context.name.strategy = class io.confluent.kafka.serializers.context.NullContextNameStrategy
	http.connect.timeout.ms = 60000
	http.read.timeout.ms = 60000
	id.compatibility.strict = true
	json.fail.invalid.schema = false
	json.fail.unknown.properties = true
	json.indent.output = false
	json.oneof.for.nullables = true
	json.schema.spec.version = draft_7
	json.write.dates.iso8601 = false
	key.subject.name.strategy = class io.confluent.kafka.serializers.subject.TopicNameStrategy
	latest.cache.size = 1000
	latest.cache.ttl.sec = -1
	latest.compatibility.strict = true
	max.schemas.per.subject = 1000
	normalize.schemas = false
	proxy.host = 
	proxy.port = -1
	rule.actions = []
	rule.executors = []
	rule.service.loader.enable = true
	schema.format = null
	schema.reflection = false
	schema.registry.basic.auth.user.info = [hidden]
	schema.registry.ssl.cipher.suites = null
	schema.registry.ssl.enabled.protocols = [TLSv1.2, TLSv1.3]
	schema.registry.ssl.endpoint.identification.algorithm = https
	schema.registry.ssl.engine.factory.class = null
	schema.registry.ssl.key.password = null
	schema.registry.ssl.keymanager.algorithm = SunX509
	schema.registry.ssl.keystore.certificate.chain = null
	schema.registry.ssl.keystore.key = null
	schema.registry.ssl.keystore.location = null
	schema.registry.ssl.keystore.password = null
	schema.registry.ssl.keystore.type = JKS
	schema.registry.ssl.protocol = TLSv1.3
	schema.registry.ssl.provider = null
	schema.registry.ssl.secure.random.implementation = null
	schema.registry.ssl.trustmanager.algorithm = PKIX
	schema.registry.ssl.truststore.certificates = null
	schema.registry.ssl.truststore.location = reducted\CA.jks
	schema.registry.ssl.truststore.password = [hidden]
	schema.registry.ssl.truststore.type = JKS
	schema.registry.url = [https://vm1.mdb.yandexcloud.net]
	use.latest.version = false
	use.latest.with.metadata = null
	use.schema.id = -1
	value.subject.name.strategy = class io.confluent.kafka.serializers.subject.TopicNameStrategy

2025-04-13T09:10:57.593+03:00  INFO 1756 --- [producer] [           main] o.a.k.clients.producer.KafkaProducer     : [Producer clientId=producer-1] Instantiated an idempotent producer.
2025-04-13T09:10:57.661+03:00  INFO 1756 --- [producer] [           main] o.a.k.c.s.authenticator.AbstractLogin    : Successfully logged in.
2025-04-13T09:10:57.715+03:00  INFO 1756 --- [producer] [           main] o.a.kafka.common.utils.AppInfoParser     : Kafka version: 3.5.0
2025-04-13T09:10:57.716+03:00  INFO 1756 --- [producer] [           main] o.a.kafka.common.utils.AppInfoParser     : Kafka commitId: c97b88d5db4de28d
2025-04-13T09:10:57.716+03:00  INFO 1756 --- [producer] [           main] o.a.kafka.common.utils.AppInfoParser     : Kafka startTimeMs: 1744524657713
2025-04-13T09:10:58.115+03:00  INFO 1756 --- [producer] [ad | producer-1] org.apache.kafka.clients.Metadata        : [Producer clientId=producer-1] Cluster ID: tm513O4gQ1G01j-RimyksA
2025-04-13T09:10:58.116+03:00  INFO 1756 --- [producer] [ad | producer-1] o.a.k.c.p.internals.TransactionManager   : [Producer clientId=producer-1] ProducerId set to 1 with epoch 0
2025-04-13T09:10:58.617+03:00  INFO 1756 --- [producer] [           main] org.example.service.ProducerService      : sent message: {"name":"Yet another user","datetime":"2025-04-13T09:10:57.718351400"}
2025-04-13T09:11:01.635+03:00  INFO 1756 --- [producer] [           main] org.example.service.ProducerService      : sent message: {"name":"Yet another user","datetime":"2025-04-13T09:11:01.619185200"}
2025-04-13T09:11:04.654+03:00  INFO 1756 --- [producer] [           main] org.example.service.ProducerService      : sent message: {"name":"Yet another user","datetime":"2025-04-13T09:11:04.637814"}
2025-04-13T09:11:07.672+03:00  INFO 1756 --- [producer] [           main] org.example.service.ProducerService      : sent message: {"name":"Yet another user","datetime":"2025-04-13T09:11:07.655348100"}
2025-04-13T09:11:10.692+03:00  INFO 1756 --- [producer] [           main] org.example.service.ProducerService      : sent message: {"name":"Yet another user","datetime":"2025-04-13T09:11:10.673919300"}
2025-04-13T09:11:13.709+03:00  INFO 1756 --- [producer] [           main] org.example.service.ProducerService      : sent message: {"name":"Yet another user","datetime":"2025-04-13T09:11:13.693349"}
2025-04-13T09:11:16.730+03:00  INFO 1756 --- [producer] [           main] org.example.service.ProducerService      : sent message: {"name":"Yet another user","datetime":"2025-04-13T09:11:16.711444100"}
2025-04-13T09:11:19.751+03:00  INFO 1756 --- [producer] [           main] org.example.service.ProducerService      : sent message: {"name":"Yet another user","datetime":"2025-04-13T09:11:19.731991200"}
2025-04-13T09:11:22.769+03:00  INFO 1756 --- [producer] [           main] org.example.service.ProducerService      : sent message: {"name":"Yet another user","datetime":"2025-04-13T09:11:22.752883800"}
2025-04-13T09:11:25.787+03:00  INFO 1756 --- [producer] [           main] org.example.service.ProducerService      : sent message: {"name":"Yet another user","datetime":"2025-04-13T09:11:25.770409500"}
2025-04-13T09:11:28.808+03:00  INFO 1756 --- [producer] [           main] org.example.service.ProducerService      : sent message: {"name":"Yet another user","datetime":"2025-04-13T09:11:28.787896400"}
2025-04-13T09:11:31.826+03:00  INFO 1756 --- [producer] [           main] org.example.service.ProducerService      : sent message: {"name":"Yet another user","datetime":"2025-04-13T09:11:31.808822300"}
2025-04-13T09:11:34.848+03:00  INFO 1756 --- [producer] [           main] org.example.service.ProducerService      : sent message: {"name":"Yet another user","datetime":"2025-04-13T09:11:34.829504400"}
2025-04-13T09:11:37.869+03:00  INFO 1756 --- [producer] [           main] org.example.service.ProducerService      : sent message: {"name":"Yet another user","datetime":"2025-04-13T09:11:37.849466400"}
2025-04-13T09:11:40.890+03:00  INFO 1756 --- [producer] [           main] org.example.service.ProducerService      : sent message: {"name":"Yet another user","datetime":"2025-04-13T09:11:40.871721400"}
2025-04-13T09:11:43.910+03:00  INFO 1756 --- [producer] [           main] org.example.service.ProducerService      : sent message: {"name":"Yet another user","datetime":"2025-04-13T09:11:43.892446100"}
